Determining if the pthread_create exist failed with the following output:
Change Dir: /local_home/trainpro/trainpro_ws/build/CMakeFiles/CMakeTmp

Run Build Command:/usr/bin/make "cmTryCompileExec1283405997/fast"
/usr/bin/make -f CMakeFiles/cmTryCompileExec1283405997.dir/build.make CMakeFiles/cmTryCompileExec1283405997.dir/build
make[1]: Entering directory `/local_home/trainpro/trainpro_ws/build/CMakeFiles/CMakeTmp'
/usr/bin/cmake -E cmake_progress_report /local_home/trainpro/trainpro_ws/build/CMakeFiles/CMakeTmp/CMakeFiles 1
Building C object CMakeFiles/cmTryCompileExec1283405997.dir/CheckSymbolExists.c.o
/usr/bin/cc    -o CMakeFiles/cmTryCompileExec1283405997.dir/CheckSymbolExists.c.o   -c /local_home/trainpro/trainpro_ws/build/CMakeFiles/CMakeTmp/CheckSymbolExists.c
Linking C executable cmTryCompileExec1283405997
/usr/bin/cmake -E cmake_link_script CMakeFiles/cmTryCompileExec1283405997.dir/link.txt --verbose=1
/usr/bin/cc       CMakeFiles/cmTryCompileExec1283405997.dir/CheckSymbolExists.c.o  -o cmTryCompileExec1283405997 -rdynamic 
CMakeFiles/cmTryCompileExec1283405997.dir/CheckSymbolExists.c.o: In function `main':
CheckSymbolExists.c:(.text+0x16): undefined reference to `pthread_create'
collect2: error: ld returned 1 exit status
make[1]: *** [cmTryCompileExec1283405997] Error 1
make[1]: Leaving directory `/local_home/trainpro/trainpro_ws/build/CMakeFiles/CMakeTmp'
make: *** [cmTryCompileExec1283405997/fast] Error 2

File /local_home/trainpro/trainpro_ws/build/CMakeFiles/CMakeTmp/CheckSymbolExists.c:
/* */
#include <pthread.h>

int main(int argc, char** argv)
{
  (void)argv;
#ifndef pthread_create
  return ((int*)(&pthread_create))[argc];
#else
  (void)argc;
  return 0;
#endif
}

Determining if the function pthread_create exists in the pthreads failed with the following output:
Change Dir: /local_home/trainpro/trainpro_ws/build/CMakeFiles/CMakeTmp

Run Build Command:/usr/bin/make "cmTryCompileExec3154762641/fast"
/usr/bin/make -f CMakeFiles/cmTryCompileExec3154762641.dir/build.make CMakeFiles/cmTryCompileExec3154762641.dir/build
make[1]: Entering directory `/local_home/trainpro/trainpro_ws/build/CMakeFiles/CMakeTmp'
/usr/bin/cmake -E cmake_progress_report /local_home/trainpro/trainpro_ws/build/CMakeFiles/CMakeTmp/CMakeFiles 1
Building C object CMakeFiles/cmTryCompileExec3154762641.dir/CheckFunctionExists.c.o
/usr/bin/cc   -DCHECK_FUNCTION_EXISTS=pthread_create   -o CMakeFiles/cmTryCompileExec3154762641.dir/CheckFunctionExists.c.o   -c /usr/share/cmake-2.8/Modules/CheckFunctionExists.c
Linking C executable cmTryCompileExec3154762641
/usr/bin/cmake -E cmake_link_script CMakeFiles/cmTryCompileExec3154762641.dir/link.txt --verbose=1
/usr/bin/cc   -DCHECK_FUNCTION_EXISTS=pthread_create    CMakeFiles/cmTryCompileExec3154762641.dir/CheckFunctionExists.c.o  -o cmTryCompileExec3154762641 -rdynamic -lpthreads 
/usr/bin/ld: cannot find -lpthreads
collect2: error: ld returned 1 exit status
make[1]: *** [cmTryCompileExec3154762641] Error 1
make[1]: Leaving directory `/local_home/trainpro/trainpro_ws/build/CMakeFiles/CMakeTmp'
make: *** [cmTryCompileExec3154762641/fast] Error 2


